-------------------------------------------------------------------------------
Test set: conduitApp.ConduitTest
-------------------------------------------------------------------------------
Tests run: 2, Failures: 1, Errors: 0, Skipped: 0, Time elapsed: 46.488 s <<< FAILURE! - in conduitApp.ConduitTest
conduitApp/feature/HomePage.[1:6] Get all tags  Time elapsed: 31.419 s  <<< FAILURE!
org.opentest4j.AssertionFailedError: 
http call failed after 30468 milliseconds for url: https://conduit.productionready.io/api/tags
classpath:conduitApp/feature/HomePage.feature:8

